  [1m[35m (428.9ms)[0m  [1m[35mCREATE DATABASE "new_project_api_v2_development" ENCODING = 'unicode'[0m
  [1m[35m (180.6ms)[0m  [1m[35mCREATE DATABASE "new_project_api_v2_test" ENCODING = 'unicode'[0m
  [1m[35m (0.5ms)[0m  [1m[34mSELECT VERSION()[0m
  ↳ (erb):38:in `migration_template'
  [1m[35m (41.7ms)[0m  [1m[35mCREATE TABLE "schema_migrations" ("version" character varying NOT NULL PRIMARY KEY)[0m
  [1m[35m (12.1ms)[0m  [1m[35mCREATE TABLE "ar_internal_metadata" ("key" character varying NOT NULL PRIMARY KEY, "value" character varying, "created_at" timestamp(6) NOT NULL, "updated_at" timestamp(6) NOT NULL)[0m
  [1m[35m (2.8ms)[0m  [1m[34mSELECT pg_try_advisory_lock(6909962551587456165)[0m
  [1m[36mActiveRecord::SchemaMigration Pluck (0.6ms)[0m  [1m[34mSELECT "schema_migrations"."version" FROM "schema_migrations" ORDER BY "schema_migrations"."version" ASC[0m
Migrating to DeviseTokenAuthCreateUsers (20220902104202)
  [1m[36mTRANSACTION (0.4ms)[0m  [1m[35mBEGIN[0m
  [1m[35m (16.4ms)[0m  [1m[35mCREATE TABLE "users" ("id" bigserial primary key, "provider" character varying DEFAULT 'email' NOT NULL, "uid" character varying DEFAULT '' NOT NULL, "encrypted_password" character varying DEFAULT '' NOT NULL, "reset_password_token" character varying, "reset_password_sent_at" timestamp(6), "allow_password_change" boolean DEFAULT FALSE, "remember_created_at" timestamp(6), "confirmation_token" character varying, "confirmed_at" timestamp(6), "confirmation_sent_at" timestamp(6), "unconfirmed_email" character varying, "sign_in_count" integer DEFAULT 0 NOT NULL, "current_sign_in_at" timestamp(6), "last_sign_in_at" timestamp(6), "current_sign_in_ip" inet, "last_sign_in_ip" inet, "first_name" character varying, "last_name" character varying, "username" character varying, "email" character varying, "tokens" json, "created_at" timestamp(6) NOT NULL, "updated_at" timestamp(6) NOT NULL)[0m
  [1m[35m (2.2ms)[0m  [1m[35mCREATE UNIQUE INDEX "index_users_on_email" ON "users" ("email")[0m
  [1m[35m (2.9ms)[0m  [1m[35mCREATE UNIQUE INDEX "index_users_on_uid_and_provider" ON "users" ("uid", "provider")[0m
  [1m[35m (2.4ms)[0m  [1m[35mCREATE UNIQUE INDEX "index_users_on_reset_password_token" ON "users" ("reset_password_token")[0m
  [1m[35m (2.9ms)[0m  [1m[35mCREATE UNIQUE INDEX "index_users_on_confirmation_token" ON "users" ("confirmation_token")[0m
  [1m[36mActiveRecord::SchemaMigration Create (1.3ms)[0m  [1m[32mINSERT INTO "schema_migrations" ("version") VALUES ($1) RETURNING "version"[0m  [["version", "20220902104202"]]
  [1m[36mTRANSACTION (0.5ms)[0m  [1m[35mCOMMIT[0m
  [1m[36mActiveRecord::InternalMetadata Load (0.7ms)[0m  [1m[34mSELECT "ar_internal_metadata".* FROM "ar_internal_metadata" WHERE "ar_internal_metadata"."key" = $1 LIMIT $2[0m  [["key", "environment"], ["LIMIT", 1]]
  [1m[36mTRANSACTION (0.2ms)[0m  [1m[35mBEGIN[0m
  [1m[36mActiveRecord::InternalMetadata Create (1.4ms)[0m  [1m[32mINSERT INTO "ar_internal_metadata" ("key", "value", "created_at", "updated_at") VALUES ($1, $2, $3, $4) RETURNING "key"[0m  [["key", "environment"], ["value", "development"], ["created_at", "2022-09-02 10:49:47.058829"], ["updated_at", "2022-09-02 10:49:47.058829"]]
  [1m[36mTRANSACTION (1.4ms)[0m  [1m[35mCOMMIT[0m
  [1m[35m (0.5ms)[0m  [1m[34mSELECT pg_advisory_unlock(6909962551587456165)[0m
  [1m[36mActiveRecord::SchemaMigration Pluck (1.4ms)[0m  [1m[34mSELECT "schema_migrations"."version" FROM "schema_migrations" ORDER BY "schema_migrations"."version" ASC[0m
Started GET "/auth/" for ::1 at 2022-09-02 05:53:34 -0500
  [1m[36mActiveRecord::SchemaMigration Pluck (7.3ms)[0m  [1m[34mSELECT "schema_migrations"."version" FROM "schema_migrations" ORDER BY "schema_migrations"."version" ASC[0m
  
ActionController::RoutingError (No route matches [GET] "/auth"):
  
Started POST "/auth/" for ::1 at 2022-09-02 05:56:47 -0500
Processing by DeviseTokenAuth::RegistrationsController#create as */*
  Parameters: {"email"=>"test@email.com", "password"=>"[FILTERED]", "password_confirmation"=>"[FILTERED]", "registration"=>{"email"=>"test@email.com", "password"=>"[FILTERED]", "password_confirmation"=>"[FILTERED]"}}
[31mUnpermitted parameter: :registration. Context: { controller: DeviseTokenAuth::RegistrationsController, action: create, request: #<ActionDispatch::Request:0x00000001084cb090>, params: {"email"=>"test@email.com", "password"=>"[FILTERED]", "password_confirmation"=>"[FILTERED]", "controller"=>"devise_token_auth/registrations", "action"=>"create", "registration"=>{"email"=>"test@email.com", "password"=>"[FILTERED]", "password_confirmation"=>"[FILTERED]"}} }[0m
[31mUnpermitted parameter: :registration. Context: { controller: DeviseTokenAuth::RegistrationsController, action: create, request: #<ActionDispatch::Request:0x00000001084cb090>, params: {"email"=>"test@email.com", "password"=>"[FILTERED]", "password_confirmation"=>"[FILTERED]", "controller"=>"devise_token_auth/registrations", "action"=>"create", "registration"=>{"email"=>"test@email.com", "password"=>"[FILTERED]", "password_confirmation"=>"[FILTERED]"}} }[0m
[31mUnpermitted parameter: :registration. Context: { controller: DeviseTokenAuth::RegistrationsController, action: create, request: #<ActionDispatch::Request:0x00000001084cb090>, params: {"email"=>"test@email.com", "password"=>"[FILTERED]", "password_confirmation"=>"[FILTERED]", "controller"=>"devise_token_auth/registrations", "action"=>"create", "registration"=>{"email"=>"test@email.com", "password"=>"[FILTERED]", "password_confirmation"=>"[FILTERED]"}} }[0m
  [1m[36mTRANSACTION (0.2ms)[0m  [1m[35mBEGIN[0m
  [1m[36mUser Exists? (5.5ms)[0m  [1m[34mSELECT 1 AS one FROM "users" WHERE LOWER("users"."email") = LOWER($1) AND "users"."provider" = $2 LIMIT $3[0m  [["email", "test@email.com"], ["provider", "email"], ["LIMIT", 1]]
  [1m[36mUser Create (1.9ms)[0m  [1m[32mINSERT INTO "users" ("provider", "uid", "encrypted_password", "reset_password_token", "reset_password_sent_at", "allow_password_change", "remember_created_at", "confirmation_token", "confirmed_at", "confirmation_sent_at", "unconfirmed_email", "sign_in_count", "current_sign_in_at", "last_sign_in_at", "current_sign_in_ip", "last_sign_in_ip", "first_name", "last_name", "username", "email", "tokens", "created_at", "updated_at") VALUES ($1, $2, $3, $4, $5, $6, $7, $8, $9, $10, $11, $12, $13, $14, $15, $16, $17, $18, $19, $20, $21, $22, $23) RETURNING "id"[0m  [["provider", "email"], ["uid", "test@email.com"], ["encrypted_password", "[FILTERED]"], ["reset_password_token", "[FILTERED]"], ["reset_password_sent_at", "[FILTERED]"], ["allow_password_change", "[FILTERED]"], ["remember_created_at", nil], ["confirmation_token", "[FILTERED]"], ["confirmed_at", nil], ["confirmation_sent_at", nil], ["unconfirmed_email", nil], ["sign_in_count", 0], ["current_sign_in_at", nil], ["last_sign_in_at", nil], ["current_sign_in_ip", nil], ["last_sign_in_ip", nil], ["first_name", nil], ["last_name", nil], ["username", nil], ["email", "test@email.com"], ["tokens", "[FILTERED]"], ["created_at", "2022-09-02 10:56:48.469602"], ["updated_at", "2022-09-02 10:56:48.469602"]]
  [1m[36mTRANSACTION (3.7ms)[0m  [1m[35mCOMMIT[0m
  [1m[36mTRANSACTION (0.2ms)[0m  [1m[35mBEGIN[0m
  [1m[36mUser Update (0.5ms)[0m  [1m[33mUPDATE "users" SET "tokens" = $1, "updated_at" = $2 WHERE "users"."id" = $3[0m  [["tokens", "[FILTERED]"], ["updated_at", "2022-09-02 10:56:48.564498"], ["id", 1]]
  [1m[36mTRANSACTION (1.3ms)[0m  [1m[35mCOMMIT[0m
  [1m[36mUser Load (0.4ms)[0m  [1m[34mSELECT "users".* FROM "users" WHERE "users"."id" = $1 LIMIT $2[0m  [["id", 1], ["LIMIT", 1]]
  [1m[36mTRANSACTION (0.2ms)[0m  [1m[35mBEGIN[0m
  [1m[36mUser Load (0.5ms)[0m  [1m[37mSELECT "users".* FROM "users" WHERE "users"."id" = $1 LIMIT $2 FOR UPDATE[0m  [["id", 1], ["LIMIT", 1]]
  [1m[36mUser Update (0.4ms)[0m  [1m[33mUPDATE "users" SET "tokens" = $1, "updated_at" = $2 WHERE "users"."id" = $3[0m  [["tokens", "[FILTERED]"], ["updated_at", "2022-09-02 10:56:48.661822"], ["id", 1]]
  [1m[36mTRANSACTION (1.4ms)[0m  [1m[35mCOMMIT[0m
Completed 200 OK in 1020ms (Views: 0.4ms | ActiveRecord: 34.5ms | Allocations: 45178)


  [1m[36mUser Load (1.2ms)[0m  [1m[34mSELECT "users".* FROM "users"[0m
Started POST "/sign_in/" for ::1 at 2022-09-02 06:05:49 -0500
  
ActionController::RoutingError (No route matches [POST] "/sign_in"):
  
Started POST "/sign_in" for ::1 at 2022-09-02 06:06:06 -0500
  
ActionController::RoutingError (No route matches [POST] "/sign_in"):
  
Started POST "/auth/sign_in" for ::1 at 2022-09-02 06:14:24 -0500
Processing by DeviseTokenAuth::SessionsController#create as */*
  Parameters: {"email"=>"test@email.com", "password"=>"[FILTERED]", "session"=>{"email"=>"test@email.com", "password"=>"[FILTERED]"}}
[31mUnpermitted parameter: :session. Context: { controller: DeviseTokenAuth::SessionsController, action: create, request: #<ActionDispatch::Request:0x00000001081d0958>, params: {"email"=>"test@email.com", "password"=>"[FILTERED]", "controller"=>"devise_token_auth/sessions", "action"=>"create", "session"=>{"email"=>"test@email.com", "password"=>"[FILTERED]"}} }[0m
[31mUnpermitted parameter: :session. Context: { controller: DeviseTokenAuth::SessionsController, action: create, request: #<ActionDispatch::Request:0x00000001081d0958>, params: {"email"=>"test@email.com", "password"=>"[FILTERED]", "controller"=>"devise_token_auth/sessions", "action"=>"create", "session"=>{"email"=>"test@email.com", "password"=>"[FILTERED]"}} }[0m
  [1m[36mUser Load (1.4ms)[0m  [1m[34mSELECT "users".* FROM "users" WHERE "users"."email" = $1 AND "users"."provider" = $2 LIMIT $3[0m  [["email", "test@email.com"], ["provider", "email"], ["LIMIT", 1]]
[31mUnpermitted parameter: :session. Context: { controller: DeviseTokenAuth::SessionsController, action: create, request: #<ActionDispatch::Request:0x00000001081d0958>, params: {"email"=>"test@email.com", "password"=>"[FILTERED]", "controller"=>"devise_token_auth/sessions", "action"=>"create", "session"=>{"email"=>"test@email.com", "password"=>"[FILTERED]"}} }[0m
[31mUnpermitted parameter: :session. Context: { controller: DeviseTokenAuth::SessionsController, action: create, request: #<ActionDispatch::Request:0x00000001081d0958>, params: {"email"=>"test@email.com", "password"=>"[FILTERED]", "controller"=>"devise_token_auth/sessions", "action"=>"create", "session"=>{"email"=>"test@email.com", "password"=>"[FILTERED]"}} }[0m
  [1m[36mTRANSACTION (0.2ms)[0m  [1m[35mBEGIN[0m
  [1m[36mUser Load (1.6ms)[0m  [1m[37mSELECT "users".* FROM "users" WHERE "users"."id" = $1 LIMIT $2 FOR UPDATE[0m  [["id", 1], ["LIMIT", 1]]
  [1m[36mUser Update (0.6ms)[0m  [1m[33mUPDATE "users" SET "tokens" = $1, "updated_at" = $2 WHERE "users"."id" = $3[0m  [["tokens", "[FILTERED]"], ["updated_at", "2022-09-02 11:14:25.256410"], ["id", 1]]
  [1m[36mTRANSACTION (2.0ms)[0m  [1m[35mCOMMIT[0m
  [1m[36mUser Load (0.4ms)[0m  [1m[34mSELECT "users".* FROM "users" WHERE "users"."id" = $1 LIMIT $2[0m  [["id", 1], ["LIMIT", 1]]
  [1m[36mTRANSACTION (0.2ms)[0m  [1m[35mBEGIN[0m
  [1m[36mUser Load (0.4ms)[0m  [1m[37mSELECT "users".* FROM "users" WHERE "users"."id" = $1 LIMIT $2 FOR UPDATE[0m  [["id", 1], ["LIMIT", 1]]
  [1m[36mUser Update (0.4ms)[0m  [1m[33mUPDATE "users" SET "tokens" = $1, "updated_at" = $2 WHERE "users"."id" = $3[0m  [["tokens", "[FILTERED]"], ["updated_at", "2022-09-02 11:14:25.359276"], ["id", 1]]
  [1m[36mTRANSACTION (1.8ms)[0m  [1m[35mCOMMIT[0m
Completed 200 OK in 607ms (Views: 1.1ms | ActiveRecord: 24.6ms | Allocations: 15286)


  [1m[36mUser Load (2.0ms)[0m  [1m[34mSELECT "users".* FROM "users"[0m
Started GET "/auth/sign_in" for ::1 at 2022-09-02 06:18:50 -0500
Processing by DeviseTokenAuth::SessionsController#new as */*
  Parameters: {"email"=>"test@email.com", "password"=>"[FILTERED]", "session"=>{"email"=>"test@email.com", "password"=>"[FILTERED]"}}
Completed 405 Method Not Allowed in 5ms (Views: 2.0ms | ActiveRecord: 0.0ms | Allocations: 214)


Started POST "/auth/sign_in" for ::1 at 2022-09-02 06:19:25 -0500
Processing by DeviseTokenAuth::SessionsController#create as */*
  Parameters: {"email"=>"test@email.com", "password"=>"[FILTERED]", "session"=>{"email"=>"test@email.com", "password"=>"[FILTERED]"}}
[31mUnpermitted parameter: :session. Context: { controller: DeviseTokenAuth::SessionsController, action: create, request: #<ActionDispatch::Request:0x00000001084a03e0>, params: {"email"=>"test@email.com", "password"=>"[FILTERED]", "controller"=>"devise_token_auth/sessions", "action"=>"create", "session"=>{"email"=>"test@email.com", "password"=>"[FILTERED]"}} }[0m
[31mUnpermitted parameter: :session. Context: { controller: DeviseTokenAuth::SessionsController, action: create, request: #<ActionDispatch::Request:0x00000001084a03e0>, params: {"email"=>"test@email.com", "password"=>"[FILTERED]", "controller"=>"devise_token_auth/sessions", "action"=>"create", "session"=>{"email"=>"test@email.com", "password"=>"[FILTERED]"}} }[0m
  [1m[36mUser Load (2.0ms)[0m  [1m[34mSELECT "users".* FROM "users" WHERE "users"."email" = $1 AND "users"."provider" = $2 LIMIT $3[0m  [["email", "test@email.com"], ["provider", "email"], ["LIMIT", 1]]
[31mUnpermitted parameter: :session. Context: { controller: DeviseTokenAuth::SessionsController, action: create, request: #<ActionDispatch::Request:0x00000001084a03e0>, params: {"email"=>"test@email.com", "password"=>"[FILTERED]", "controller"=>"devise_token_auth/sessions", "action"=>"create", "session"=>{"email"=>"test@email.com", "password"=>"[FILTERED]"}} }[0m
[31mUnpermitted parameter: :session. Context: { controller: DeviseTokenAuth::SessionsController, action: create, request: #<ActionDispatch::Request:0x00000001084a03e0>, params: {"email"=>"test@email.com", "password"=>"[FILTERED]", "controller"=>"devise_token_auth/sessions", "action"=>"create", "session"=>{"email"=>"test@email.com", "password"=>"[FILTERED]"}} }[0m
  [1m[36mTRANSACTION (0.2ms)[0m  [1m[35mBEGIN[0m
  [1m[36mUser Load (0.6ms)[0m  [1m[37mSELECT "users".* FROM "users" WHERE "users"."id" = $1 LIMIT $2 FOR UPDATE[0m  [["id", 1], ["LIMIT", 1]]
  [1m[36mUser Update (0.4ms)[0m  [1m[33mUPDATE "users" SET "tokens" = $1, "updated_at" = $2 WHERE "users"."id" = $3[0m  [["tokens", "[FILTERED]"], ["updated_at", "2022-09-02 11:19:25.501382"], ["id", 1]]
  [1m[36mTRANSACTION (1.4ms)[0m  [1m[35mCOMMIT[0m
  [1m[36mUser Load (2.1ms)[0m  [1m[34mSELECT "users".* FROM "users" WHERE "users"."id" = $1 LIMIT $2[0m  [["id", 1], ["LIMIT", 1]]
  [1m[36mTRANSACTION (0.2ms)[0m  [1m[35mBEGIN[0m
  [1m[36mUser Load (1.2ms)[0m  [1m[37mSELECT "users".* FROM "users" WHERE "users"."id" = $1 LIMIT $2 FOR UPDATE[0m  [["id", 1], ["LIMIT", 1]]
  [1m[36mUser Update (2.3ms)[0m  [1m[33mUPDATE "users" SET "tokens" = $1, "updated_at" = $2 WHERE "users"."id" = $3[0m  [["tokens", "[FILTERED]"], ["updated_at", "2022-09-02 11:19:25.668408"], ["id", 1]]
  [1m[36mTRANSACTION (1.5ms)[0m  [1m[35mCOMMIT[0m
Completed 200 OK in 613ms (Views: 0.4ms | ActiveRecord: 12.0ms | Allocations: 12086)


